#
# A fatal error has been detected by the Java Runtime Environment:
#
#  EXCEPTION_ACCESS_VIOLATION (0xc0000005) at pc=0x0000000065588ad5, pid=5488, tid=123820
#
# JRE version: Java(TM) SE Runtime Environment (8.0_71-b15) (build 1.8.0_71-b15)
# Java VM: Java HotSpot(TM) 64-Bit Server VM (25.71-b15 mixed mode windows-amd64 compressed oops)
# Problematic frame:
# V  [jvm.dll+0x128ad5]
#
# Failed to write core dump. Minidumps are not enabled by default on client versions of Windows
#
# If you would like to submit a bug report, please visit:
#   http://bugreport.java.com/bugreport/crash.jsp
#

---------------  T H R E A D  ---------------

Current thread (0x000000001e371800):  JavaThread "JDWP Transport Listener: dt_socket" daemon [_thread_in_vm, id=123820, stack(0x000000001e8e0000,0x000000001e9e0000)]

siginfo: ExceptionCode=0xc0000005, reading address 0x0000003b65003b67

Registers:
RAX=0x000000001e9df501, RBX=0x000000001e371800, RCX=0x0000003b65003b67, RDX=0x0000000000000000
RSP=0x000000001e9df570, RBP=0x0000003b65003b67, RSI=0x000000001e9df688, RDI=0x0000000002748f90
R8 =0x000000001e371800, R9 =0x0000000000008000, R10=0x0000000000000000, R11=0x000000001e9df83c
R12=0x0000000000000000, R13=0x000000001e378fb8, R14=0x0000000000000000, R15=0x0000000000000000
RIP=0x0000000065588ad5, EFLAGS=0x0000000000010202

Top of Stack: (sp=0x000000001e9df570)
0x000000001e9df570:   000000001e371800 000000001e371800
0x000000001e9df580:   000000001e9df638 000000006578e34b
0x000000001e9df590:   000000001e371800 00000000657aabad
0x000000001e9df5a0:   0000000000000000 00000000660b9155
0x000000001e9df5b0:   000000001e30f7b8 00000000660c291e
0x000000001e9df5c0:   000000001e371800 0000000000000000
0x000000001e9df5d0:   0000000000000000 0000000000000000
0x000000001e9df5e0:   0000003b65003b67 00000000660c1a15
0x000000001e9df5f0:   000000001e9df688 000000001e9df660
0x000000001e9df600:   0000000000000001 000000001e30f7b8
0x000000001e9df610:   0000003b65003b67 00000000660a53b3
0x000000001e9df620:   000000001e9df750 0000000000000001
0x000000001e9df630:   0000000000000001 000000001e30f7b8
0x000000001e9df640:   0000000000000009 0000000000000000
0x000000001e9df650:   0000000000000000 0000000000000000
0x000000001e9df660:   0000000000000001 00000000660a5571 

Instructions: (pc=0x0000000065588ad5)
0x0000000065588ab5:   cc cc cc cc cc cc cc cc cc cc cc 48 83 ec 28 48
0x0000000065588ac5:   85 c9 75 07 33 c0 48 83 c4 28 c3 48 89 5c 24 20
0x0000000065588ad5:   48 8b 19 48 85 db 74 20 48 83 fb 37 74 1a 48 8b
0x0000000065588ae5:   13 48 8b cb ff 52 10 84 c0 74 0d 48 8b c3 48 8b 


Register to memory mapping:

RAX=0x000000001e9df501 is pointing into the stack for thread: 0x000000001e371800
RBX=0x000000001e371800 is a thread
RCX=0x0000003b65003b67 is an unknown value
RDX=0x0000000000000000 is an unknown value
RSP=0x000000001e9df570 is pointing into the stack for thread: 0x000000001e371800
RBP=0x0000003b65003b67 is an unknown value
RSI=0x000000001e9df688 is pointing into the stack for thread: 0x000000001e371800
RDI=0x0000000002748f90 is an unknown value
R8 =0x000000001e371800 is a thread
R9 =0x0000000000008000 is an unknown value
R10=0x0000000000000000 is an unknown value
R11=0x000000001e9df83c is pointing into the stack for thread: 0x000000001e371800
R12=0x0000000000000000 is an unknown value
R13=0x000000001e378fb8 is an unknown value
R14=0x0000000000000000 is an unknown value
R15=0x0000000000000000 is an unknown value


Stack: [0x000000001e8e0000,0x000000001e9e0000],  sp=0x000000001e9df570,  free space=1021k
Native frames: (J=compiled Java code, j=interpreted, Vv=VM code, C=native code)
V  [jvm.dll+0x128ad5]
V  [jvm.dll+0x34abad]
C  [jdwp.dll+0x21a15]
C  [jdwp.dll+0x53b3]
C  [jdwp.dll+0x5571]
C  [jdwp.dll+0xf0a8]
C  [jdwp.dll+0x1f2d5]
C  [jdwp.dll+0x1f4aa]
V  [jvm.dll+0x1bbb58]
V  [jvm.dll+0x243234]
V  [jvm.dll+0x29a10a]
C  [msvcr100.dll+0x21d9f]
C  [msvcr100.dll+0x21e3b]
C  [KERNEL32.DLL+0x8364]
C  [ntdll.dll+0x670d1]


---------------  P R O C E S S  ---------------

Java Threads: ( => current thread )
  0x000000001e432000 JavaThread "Service Thread" daemon [_thread_blocked, id=115300, stack(0x000000001efe0000,0x000000001f0e0000)]
  0x000000001e399800 JavaThread "C1 CompilerThread3" daemon [_thread_blocked, id=124848, stack(0x000000001eee0000,0x000000001efe0000)]
  0x000000001e398000 JavaThread "C2 CompilerThread2" daemon [_thread_blocked, id=25836, stack(0x000000001ede0000,0x000000001eee0000)]
  0x000000001e395000 JavaThread "C2 CompilerThread1" daemon [_thread_blocked, id=35888, stack(0x000000001ece0000,0x000000001ede0000)]
  0x000000001e38d000 JavaThread "C2 CompilerThread0" daemon [_thread_blocked, id=119284, stack(0x000000001ebe0000,0x000000001ece0000)]
  0x000000001e382800 JavaThread "JDWP Command Reader" daemon [_thread_in_native, id=119588, stack(0x000000001eae0000,0x000000001ebe0000)]
  0x000000001e37f000 JavaThread "JDWP Event Helper Thread" daemon [_thread_blocked, id=48664, stack(0x000000001e9e0000,0x000000001eae0000)]
=>0x000000001e371800 JavaThread "JDWP Transport Listener: dt_socket" daemon [_thread_in_vm, id=123820, stack(0x000000001e8e0000,0x000000001e9e0000)]
  0x000000001e367000 JavaThread "Attach Listener" daemon [_thread_blocked, id=15484, stack(0x000000001e7e0000,0x000000001e8e0000)]
  0x000000001e366800 JavaThread "Signal Dispatcher" daemon [_thread_blocked, id=120556, stack(0x000000001e6e0000,0x000000001e7e0000)]
  0x000000000267b800 JavaThread "Finalizer" daemon [_thread_blocked, id=66724, stack(0x000000001e0f0000,0x000000001e1f0000)]
  0x0000000002675000 JavaThread "Reference Handler" daemon [_thread_blocked, id=33584, stack(0x000000001dff0000,0x000000001e0f0000)]
  0x0000000002583800 JavaThread "main" [_thread_blocked, id=111428, stack(0x00000000020e0000,0x00000000021e0000)]

Other Threads:
  0x000000001c1f9000 VMThread [stack: 0x000000001def0000,0x000000001dff0000] [id=119600]
  0x000000001e4ad800 WatcherThread [stack: 0x000000001f0e0000,0x000000001f1e0000] [id=87772]

VM state:not at safepoint (normal execution)

VM Mutex/Monitor currently owned by a thread: None

Heap:
 PSYoungGen      total 76288K, used 5243K [0x000000076af00000, 0x0000000770400000, 0x00000007c0000000)
  eden space 65536K, 8% used [0x000000076af00000,0x000000076b41ec70,0x000000076ef00000)
  from space 10752K, 0% used [0x000000076f980000,0x000000076f980000,0x0000000770400000)
  to   space 10752K, 0% used [0x000000076ef00000,0x000000076ef00000,0x000000076f980000)
 ParOldGen       total 175104K, used 0K [0x00000006c0c00000, 0x00000006cb700000, 0x000000076af00000)
  object space 175104K, 0% used [0x00000006c0c00000,0x00000006c0c00000,0x00000006cb700000)
 Metaspace       used 2700K, capacity 4600K, committed 4864K, reserved 1056768K
  class space    used 298K, capacity 424K, committed 512K, reserved 1048576K

Card table byte_map: [0x0000000011b10000,0x0000000012310000] byte_map_base: 0x000000000e50a000

Marking Bits: (ParMarkBitMap*) 0x0000000065c6f600
 Begin Bits: [0x0000000013070000, 0x0000000017040000)
 End Bits:   [0x0000000017040000, 0x000000001b010000)

Polling page: 0x0000000000920000

CodeCache: size=245760Kb used=1131Kb max_used=1131Kb free=244628Kb
 bounds [0x0000000002750000, 0x00000000029c0000, 0x0000000011750000]
 total_blobs=273 nmethods=45 adapters=149
 compilation: enabled

Compilation events (10 events):
Event: 0.274 Thread 0x000000001e399800   41       1       java.io.File::getPath (5 bytes)
Event: 0.274 Thread 0x000000001e399800 nmethod 41 0x0000000002869a50 code [0x0000000002869ba0, 0x0000000002869cb0]
Event: 0.275 Thread 0x000000001e399800   42       1       java.net.URL::getProtocol (5 bytes)
Event: 0.275 Thread 0x000000001e399800 nmethod 42 0x0000000002869d10 code [0x0000000002869e60, 0x0000000002869f70]
Event: 0.275 Thread 0x000000001e399800   43       3       java.lang.String::lastIndexOf (52 bytes)
Event: 0.276 Thread 0x000000001e399800 nmethod 43 0x0000000002869fd0 code [0x000000000286a160, 0x000000000286a508]
Event: 15.079 Thread 0x000000001e399800   44       3       java.lang.AbstractStringBuilder::<init> (12 bytes)
Event: 15.079 Thread 0x000000001e399800 nmethod 44 0x000000000286a690 code [0x000000000286a800, 0x000000000286aa50]
Event: 15.079 Thread 0x000000001e399800   45       3       java.lang.AbstractStringBuilder::expandCapacity (50 bytes)
Event: 15.080 Thread 0x000000001e399800 nmethod 45 0x000000000286ab10 code [0x000000000286acc0, 0x000000000286b238]

GC Heap History (0 events):
No events

Deoptimization events (0 events):
No events

Internal exceptions (2 events):
Event: 0.054 Thread 0x0000000002583800 Exception <a 'java/lang/NoSuchMethodError': Method sun.misc.Unsafe.defineClass(Ljava/lang/String;[BII)Ljava/lang/Class; name or signature does not match> (0x000000076af13070) thrown at [C:\re\workspace\8-2-build-windows-amd64-cygwin\jdk8u71\5731\hotspot\srWL•©«?
Event: 0.054 Thread 0x0000000002583800 Exception <a 'java/lang/NoSuchMethodError': Method sun.misc.Unsafe.prefetchRead(Ljava/lang/Object;J)V name or signature does not match> (0x000000076af13358) thrown at [C:\re\workspace\8-2-build-windows-amd64-cygwin\jdk8u71\5731\hotspot\src\share\vm\prims\j

Events (10 events):
Event: 5432.294 Executing VM operation: GetCurrentLocation
Event: 5432.294 Executing VM operation: GetCurrentLocation done
Event: 5432.294 Executing VM operation: EnterInterpOnlyMode
Event: 5432.294 Executing VM operation: EnterInterpOnlyMode done
Event: 5432.294 Executing VM operation: ChangeSingleStep
Event: 5432.294 Executing VM operation: ChangeSingleStep done
Event: 5432.295 Executing VM operation: ChangeSingleStep
Event: 5432.295 Executing VM operation: ChangeSingleStep done
Event: 5432.302 Executing VM operation: RedefineClasses
Event: 5432.304 Executing VM operation: RedefineClasses done


Dynamic libraries:
0x00007ff62c630000 - 0x00007ff62c667000 	C:\Program Files\Java\jre1.8.0_71\bin\javaw.exe
0x00007ffddd9e0000 - 0x00007ffdddbb1000 	C:\WINDOWS\SYSTEM32\ntdll.dll
0x00007ffddcdb0000 - 0x00007ffddce5b000 	C:\WINDOWS\System32\KERNEL32.DLL
0x00007ffdb63e0000 - 0x00007ffdb6413000 	C:\Program Files\AVAST Software\Avast\x64\aswhooka.dll
0x00007ffdda310000 - 0x00007ffdda52d000 	C:\WINDOWS\System32\KERNELBASE.dll
0x00007ffddd750000 - 0x00007ffddd7f2000 	C:\WINDOWS\System32\ADVAPI32.dll
0x00007ffddd670000 - 0x00007ffddd70e000 	C:\WINDOWS\System32\msvcrt.dll
0x00007ffddce70000 - 0x00007ffddcec9000 	C:\WINDOWS\System32\sechost.dll
0x00007ffddd3d0000 - 0x00007ffddd4f1000 	C:\WINDOWS\System32\RPCRT4.dll
0x00007ffddb0a0000 - 0x00007ffddb205000 	C:\WINDOWS\System32\USER32.dll
0x00007ffdda530000 - 0x00007ffdda54e000 	C:\WINDOWS\System32\win32u.dll
0x00007ffddd710000 - 0x00007ffddd744000 	C:\WINDOWS\System32\GDI32.dll
0x00007ffdd9fd0000 - 0x00007ffdda152000 	C:\WINDOWS\System32\gdi32full.dll
0x00007ffdcfed0000 - 0x00007ffdd014a000 	C:\WINDOWS\WinSxS\amd64_microsoft.windows.common-controls_6595b64144ccf1df_6.0.14393.953_none_42151e83c686086b\COMCTL32.dll
0x00007ffddc8c0000 - 0x00007ffddcb88000 	C:\WINDOWS\System32\combase.dll
0x00007ffdda550000 - 0x00007ffdda645000 	C:\WINDOWS\System32\ucrtbase.dll
0x00007ffddaf00000 - 0x00007ffddaf6a000 	C:\WINDOWS\System32\bcryptPrimitives.dll
0x00007ffddd860000 - 0x00007ffddd88e000 	C:\WINDOWS\System32\IMM32.DLL
0x00000000660e0000 - 0x00000000661b2000 	C:\Program Files\Java\jre1.8.0_71\bin\msvcr100.dll
0x0000000065460000 - 0x0000000065cef000 	C:\Program Files\Java\jre1.8.0_71\bin\server\jvm.dll
0x00007ffddb090000 - 0x00007ffddb098000 	C:\WINDOWS\System32\PSAPI.DLL
0x00007ffdd7950000 - 0x00007ffdd7959000 	C:\WINDOWS\SYSTEM32\WSOCK32.dll
0x00007ffddced0000 - 0x00007ffddcf3a000 	C:\WINDOWS\System32\WS2_32.dll
0x00007ffdd78f0000 - 0x00007ffdd7913000 	C:\WINDOWS\SYSTEM32\WINMM.dll
0x00007ffdcd760000 - 0x00007ffdcd76a000 	C:\WINDOWS\SYSTEM32\VERSION.dll
0x00007ffdd78b0000 - 0x00007ffdd78db000 	C:\WINDOWS\SYSTEM32\WINMMBASE.dll
0x00007ffdda2c0000 - 0x00007ffdda302000 	C:\WINDOWS\System32\cfgmgr32.dll
0x0000000068420000 - 0x000000006842f000 	C:\Program Files\Java\jre1.8.0_71\bin\verify.dll
0x00000000683f0000 - 0x0000000068419000 	C:\Program Files\Java\jre1.8.0_71\bin\java.dll
0x00000000660a0000 - 0x00000000660d5000 	C:\Program Files\Java\jre1.8.0_71\bin\jdwp.dll
0x00000000683e0000 - 0x00000000683e8000 	C:\Program Files\Java\jre1.8.0_71\bin\npt.dll
0x0000000068310000 - 0x0000000068326000 	C:\Program Files\Java\jre1.8.0_71\bin\zip.dll
0x00007ffddb3b0000 - 0x00007ffddc8b9000 	C:\WINDOWS\System32\SHELL32.dll
0x00007ffdda820000 - 0x00007ffddaefa000 	C:\WINDOWS\System32\windows.storage.dll
0x00007ffdd9e70000 - 0x00007ffdd9ebc000 	C:\WINDOWS\System32\powrprof.dll
0x00007ffddd610000 - 0x00007ffddd662000 	C:\WINDOWS\System32\shlwapi.dll
0x00007ffdd9ec0000 - 0x00007ffdd9ecf000 	C:\WINDOWS\System32\kernel.appcore.dll
0x00007ffdda160000 - 0x00007ffdda209000 	C:\WINDOWS\System32\shcore.dll
0x00007ffdd9e50000 - 0x00007ffdd9e64000 	C:\WINDOWS\System32\profapi.dll
0x0000000068300000 - 0x0000000068309000 	C:\Program Files\Java\jre1.8.0_71\bin\dt_socket.dll
0x00007ffdc1de0000 - 0x00007ffdc1df6000 	C:\WINDOWS\system32\napinsp.dll
0x00007ffdc1e00000 - 0x00007ffdc1e1a000 	C:\WINDOWS\system32\pnrpnsp.dll
0x00007ffdd7a10000 - 0x00007ffdd7a28000 	C:\WINDOWS\system32\NLAapi.dll
0x00007ffdd9710000 - 0x00007ffdd976c000 	C:\WINDOWS\System32\mswsock.dll
0x00007ffdd94d0000 - 0x00007ffdd9571000 	C:\WINDOWS\SYSTEM32\DNSAPI.dll
0x00007ffddd9d0000 - 0x00007ffddd9d8000 	C:\WINDOWS\System32\NSI.dll
0x00007ffdd9490000 - 0x00007ffdd94c8000 	C:\WINDOWS\SYSTEM32\IPHLPAPI.DLL
0x00007ffdc1e20000 - 0x00007ffdc1e2e000 	C:\WINDOWS\System32\winrnr.dll
0x00007ffdd1910000 - 0x00007ffdd197a000 	C:\WINDOWS\System32\fwpuclnt.dll
0x00007ffdd9d60000 - 0x00007ffdd9d8b000 	C:\WINDOWS\SYSTEM32\bcrypt.dll
0x00007ffdd0330000 - 0x00007ffdd033a000 	C:\Windows\System32\rasadhlp.dll
0x00007ffdc98a0000 - 0x00007ffdc9a32000 	C:\WINDOWS\SYSTEM32\dbghelp.dll

VM Arguments:
jvm_args: -agentlib:jdwp=transport=dt_socket,suspend=y,address=localhost:63935 -Dfile.encoding=GBK 
java_command: businessobject.SemesterConfigurationSample
java_class_path (initial): E:\School\CSC301_Project\project-team-22\TimetableGen\target\classes;E:\School\CSC301_Project\project-team-22\TimetableGen\res\json-simple-1.1.1.zip;C:\Users\Joostin\.p2\pool\plugins\org.junit_4.12.0.v201504281640\junit.jar;C:\Users\Joostin\.p2\pool\plugins\org.hamcrest.core_1.3.0.v201303031735.jar;C:\Users\Joostin\.m2\repository\com\sparkjava\spark-core\2.5.5\spark-core-2.5.5.jar;C:\Users\Joostin\.m2\repository\org\slf4j\slf4j-api\1.7.13\slf4j-api-1.7.13.jar;C:\Users\Joostin\.m2\repository\org\eclipse\jetty\jetty-server\9.3.6.v20151106\jetty-server-9.3.6.v20151106.jar;C:\Users\Joostin\.m2\repository\javax\servlet\javax.servlet-api\3.1.0\javax.servlet-api-3.1.0.jar;C:\Users\Joostin\.m2\repository\org\eclipse\jetty\jetty-http\9.3.6.v20151106\jetty-http-9.3.6.v20151106.jar;C:\Users\Joostin\.m2\repository\org\eclipse\jetty\jetty-util\9.3.6.v20151106\jetty-util-9.3.6.v20151106.jar;C:\Users\Joostin\.m2\repository\org\eclipse\jetty\jetty-io\9.3.6.v20151106\jetty-io-9.3.6.v20151106.jar;C:\Users\Joostin\.m2\repository\org\eclipse\jetty\jetty-webapp\9.3.6.v20151106\jetty-webapp-9.3.6.v20151106.jar;C:\Users\Joostin\.m2\repository\org\eclipse\jetty\jetty-xml\9.3.6.v20151106\jetty-xml-9.3.6.v20151106.jar;C:\Users\Joostin\.m2\repository\org\eclipse\jetty\jetty-servlet\9.3.6.v20151106\jetty-servlet-9.3.6.v20151106.jar;C:\Users\Joostin\.m2\repository\org\eclipse\jetty\jetty-security\9.3.6.v20151106\jetty-security-9.3.6.v20151106.jar;C:\Users\Joostin\.m2\repository\org\eclipse\jetty\websocket\websocket-server\9.3.6.v20151106\websocket-server-9.3.6.v20151106.jar;C:\Users\Joostin\.m2\repository\org\eclipse\jetty\websocket\websocket-common\9.3.6.v20151106\websocket-common-9.3.6.v20151106.jar;C:\Users\Joostin\.m2\repository\org\eclipse\jetty\websocket\websocket-client\9.3.6.v20151106\websocket-client-9.3.6.v20151106.jar;C:\Users\Joostin\.m2\repository\org\eclipse\jetty\websocket\websocket-servlet\9.3.6.v20151106\websocket-servlet-9.3.6.v20151106.jar;C:\User
Launcher Type: SUN_STANDARD

Environment Variables:
JAVA_HOME=C:\Program Files\Java\jre1.8.0_71
PATH=C:/Program Files/Java/jre1.8.0_71/bin/server;C:/Program Files/Java/jre1.8.0_71/bin;C:/Program Files/Java/jre1.8.0_71/lib/amd64;C:\Program Files (x86)\Razer Chroma SDK\bin;C:\Program Files\Razer Chroma SDK\bin;C:\ProgramData\Oracle\Java\javapath;C:\Program Files (x86)\Intel\iCLS Client\;C:\Program Files\Intel\iCLS Client\;C:\WINDOWS\system32;C:\WINDOWS;C:\WINDOWS\System32\Wbem;C:\WINDOWS\System32\WindowsPowerShell\v1.0\;C:\Program Files\Intel\Intel(R) Management Engine Components\DAL;C:\Program Files (x86)\Intel\Intel(R) Management Engine Components\DAL;C:\Program Files\Intel\Intel(R) Management Engine Components\IPT;C:\Program Files (x86)\Intel\Intel(R) Management Engine Components\IPT;C:\Program Files (x86)\ATI Technologies\ATI.ACE\Core-Static;C:\MinGW\bin;C:\Program Files\Apache Software Foundation\apache-maven-3.3.1\bin;C:\Program Files (x86)\Heroku\bin;C:\Program Files (x86)\git\cmd;M2;C:\Android;C:\Windows\System32;C:\Program Files\TortoiseSVN\bin;E:\RailsInstaller\Git\cmd;E:\RailsInstaller\Ruby2.1.0\bin;C:\Users\Joostin\AppData\Local\atom\bin;C:\WINDOWS\system32;C:\WINDOWS;C:\WINDOWS\System32\Wbem;C:\WINDOWS\System32\WindowsPowerShell\v1.0\;C:\Program Files\nodejs\;C:\Program Files\TortoiseHg\;C:\Program Files\MiKTeX 2.9\miktex\bin\x64\;C:\Program Files (x86)\Skype\Phone\;C:\Program Files (x86)\NVIDIA Corporation\PhysX\Common;E:\RailsInstaller\Git\cmd;E:\RailsInstaller\Ruby2.1.0\bin;C:\Users\Joostin\AppData\Local\atom\bin;C:\Users\Joostin\AppData\Local\Microsoft\WindowsApps;C:\Users\Joostin\AppData\Roaming\npm;C:\Program Files\MongoDB\Server\3.2\bin;C:\apache-maven-3.3.9\bin;C:\Program Files\Java\jre1.8.0_71\bin;C:\WINDOWS\system32;
USERNAME=Joostin
OS=Windows_NT
PROCESSOR_IDENTIFIER=Intel64 Family 6 Model 60 Stepping 3, GenuineIntel



---------------  S Y S T E M  ---------------

OS: Windows 10.0 , 64 bit Build 14393 (10.0.14393.0)

CPU:total 8 (4 cores per cpu, 2 threads per core) family 6 model 60 stepping 3, cmov, cx8, fxsr, mmx, sse, sse2, sse3, ssse3, sse4.1, sse4.2, popcnt, avx, avx2, aes, clmul, erms, lzcnt, ht, tsc, tscinvbit, bmi1, bmi2

Memory: 4k page, physical 16727732k(2128428k free), swap 67059380k(2902640k free)

vm_info: Java HotSpot(TM) 64-Bit Server VM (25.71-b15) for windows-amd64 JRE (1.8.0_71-b15), built on Dec 22 2015 18:15:55 by "java_re" with MS VC++ 10.0 (VS2010)

time: Fri Mar 31 03:46:11 2017
elapsed time: 5432 seconds (0d 1h 30m 32s)

